Using pre-set license
Built from '2022.3/staging' branch; Version is '2022.3.14f1 (eff2de9070d8) revision 15725278'; Using compiler version '192829333'; Build Type 'Release'
OS: 'Windows 10  (10.0.19044) 64bit Professional' Language: 'en' Physical Memory: 32601 MB
BatchMode: 1, IsHumanControllingUs: 0, StartBugReporterOnCrash: 0, Is64bit: 1, IsPro: 1

COMMAND LINE ARGUMENTS:
D:\Unity Editer\2022.3.14f1\Editor\Unity.exe
-adb2
-batchMode
-noUpm
-name
AssetImportWorker0
-projectPath
D:/Verse of Cursed/VerseofCursed/Verse of Cursed
-logFile
Logs/AssetImportWorker0.log
-srvPort
49705
Successfully changed project path to: D:/Verse of Cursed/VerseofCursed/Verse of Cursed
D:/Verse of Cursed/VerseofCursed/Verse of Cursed
[UnityMemory] Configuration Parameters - Can be set up in boot.config
    "memorysetup-bucket-allocator-granularity=16"
    "memorysetup-bucket-allocator-bucket-count=8"
    "memorysetup-bucket-allocator-block-size=33554432"
    "memorysetup-bucket-allocator-block-count=8"
    "memorysetup-main-allocator-block-size=16777216"
    "memorysetup-thread-allocator-block-size=16777216"
    "memorysetup-gfx-main-allocator-block-size=16777216"
    "memorysetup-gfx-thread-allocator-block-size=16777216"
    "memorysetup-cache-allocator-block-size=4194304"
    "memorysetup-typetree-allocator-block-size=2097152"
    "memorysetup-profiler-bucket-allocator-granularity=16"
    "memorysetup-profiler-bucket-allocator-bucket-count=8"
    "memorysetup-profiler-bucket-allocator-block-size=33554432"
    "memorysetup-profiler-bucket-allocator-block-count=8"
    "memorysetup-profiler-allocator-block-size=16777216"
    "memorysetup-profiler-editor-allocator-block-size=1048576"
    "memorysetup-temp-allocator-size-main=16777216"
    "memorysetup-job-temp-allocator-block-size=2097152"
    "memorysetup-job-temp-allocator-block-size-background=1048576"
    "memorysetup-job-temp-allocator-reduction-small-platforms=262144"
    "memorysetup-allocator-temp-initial-block-size-main=262144"
    "memorysetup-allocator-temp-initial-block-size-worker=262144"
    "memorysetup-temp-allocator-size-background-worker=32768"
    "memorysetup-temp-allocator-size-job-worker=262144"
    "memorysetup-temp-allocator-size-preload-manager=33554432"
    "memorysetup-temp-allocator-size-nav-mesh-worker=65536"
    "memorysetup-temp-allocator-size-audio-worker=65536"
    "memorysetup-temp-allocator-size-cloud-worker=32768"
    "memorysetup-temp-allocator-size-gi-baking-worker=262144"
    "memorysetup-temp-allocator-size-gfx=262144"
Player connection [8088] Host "[IP] 192.168.1.85 [Port] 0 [Flags] 2 [Guid] 3093081707 [EditorId] 3093081707 [Version] 1048832 [Id] WindowsEditor(7,ZEED-20222023NS) [Debug] 1 [PackageName] WindowsEditor [ProjectName] Editor" joined multi-casting on [225.0.0.222:54997]...

Player connection [8088] Host "[IP] 192.168.1.85 [Port] 0 [Flags] 2 [Guid] 3093081707 [EditorId] 3093081707 [Version] 1048832 [Id] WindowsEditor(7,ZEED-20222023NS) [Debug] 1 [PackageName] WindowsEditor [ProjectName] Editor" joined alternative multi-casting on [225.0.0.222:34997]...

[Physics::Module] Initialized MultithreadedJobDispatcher with 11 workers.
Refreshing native plugins compatible for Editor in 4.04 ms, found 3 plugins.
Preloading 0 native plugins for Editor in 0.00 ms.
Initialize engine version: 2022.3.14f1 (eff2de9070d8)
[Subsystems] Discovering subsystems at path D:/Unity Editer/2022.3.14f1/Editor/Data/Resources/UnitySubsystems
[Subsystems] Discovering subsystems at path D:/Verse of Cursed/VerseofCursed/Verse of Cursed/Assets
GfxDevice: creating device client; threaded=0; jobified=0
Direct3D:
    Version:  Direct3D 11.0 [level 11.1]
    Renderer: NVIDIA GeForce GTX 970 (ID=0x13c2)
    Vendor:   NVIDIA
    VRAM:     4037 MB
    Driver:   31.0.15.4633
Initialize mono
Mono path[0] = 'D:/Unity Editer/2022.3.14f1/Editor/Data/Managed'
Mono path[1] = 'D:/Unity Editer/2022.3.14f1/Editor/Data/MonoBleedingEdge/lib/mono/unityjit-win32'
Mono config path = 'D:/Unity Editer/2022.3.14f1/Editor/Data/MonoBleedingEdge/etc'
Using monoOptions --debugger-agent=transport=dt_socket,embedding=1,server=y,suspend=n,address=127.0.0.1:56732
Begin MonoManager ReloadAssembly
Registering precompiled unity dll's ...
Register platform support module: D:/Unity Editer/2022.3.14f1/Editor/Data/PlaybackEngines/WebGLSupport/UnityEditor.WebGL.Extensions.dll
Register platform support module: D:/Unity Editer/2022.3.14f1/Editor/Data/PlaybackEngines/AndroidPlayer/UnityEditor.Android.Extensions.dll
Register platform support module: D:/Unity Editer/2022.3.14f1/Editor/Data/PlaybackEngines/iOSSupport/UnityEditor.iOS.Extensions.dll
Register platform support module: D:/Unity Editer/2022.3.14f1/Editor/Data/PlaybackEngines/WindowsStandaloneSupport/UnityEditor.WindowsStandalone.Extensions.dll
Registered in 0.003930 seconds.
- Loaded All Assemblies, in  0.263 seconds
Native extension for WindowsStandalone target not found
[usbmuxd] Start listen thread
[usbmuxd] Listen thread started
Native extension for iOS target not found
Native extension for Android target not found
Android Extension - Scanning For ADB Devices 149 ms
Native extension for WebGL target not found
Mono: successfully reloaded assembly
- Finished resetting the current domain, in  0.394 seconds
Domain Reload Profiling: 656ms
	BeginReloadAssembly (72ms)
		ExecutionOrderSort (0ms)
		DisableScriptedObjects (0ms)
		BackupInstance (0ms)
		ReleaseScriptingObjects (0ms)
		CreateAndSetChildDomain (1ms)
	RebuildCommonClasses (26ms)
	RebuildNativeTypeToScriptingClass (14ms)
	initialDomainReloadingComplete (40ms)
	LoadAllAssembliesAndSetupDomain (110ms)
		LoadAssemblies (72ms)
		RebuildTransferFunctionScriptingTraits (0ms)
		AnalyzeDomain (109ms)
			TypeCache.Refresh (108ms)
				TypeCache.ScanAssembly (98ms)
			ScanForSourceGeneratedMonoScriptInfo (0ms)
			ResolveRequiredComponents (0ms)
	FinalizeReload (394ms)
		ReleaseScriptCaches (0ms)
		RebuildScriptCaches (0ms)
		SetupLoadedEditorAssemblies (351ms)
			LogAssemblyErrors (0ms)
			InitializePlatformSupportModulesInManaged (235ms)
			SetLoadedEditorAssemblies (2ms)
			RefreshPlugins (0ms)
			BeforeProcessingInitializeOnLoad (1ms)
			ProcessInitializeOnLoadAttributes (76ms)
			ProcessInitializeOnLoadMethodAttributes (36ms)
			AfterProcessingInitializeOnLoad (0ms)
			EditorAssembliesLoaded (0ms)
		ExecutionOrderSort2 (0ms)
		AwakeInstancesAfterBackupRestoration (0ms)
========================================================================
Worker process is ready to serve import requests
Begin MonoManager ReloadAssembly
- Loaded All Assemblies, in  0.455 seconds
Refreshing native plugins compatible for Editor in 1.47 ms, found 3 plugins.
Native extension for WindowsStandalone target not found
Native extension for iOS target not found
Native extension for Android target not found
Native extension for WebGL target not found
Package Manager log level set to [2]
[Package Manager] Server::EnsureServerProcessIsRunning -- launch failed, reason: Unity was launched with the -noUpm command-line argument
[Package Manager] UpmClient::Send -- Unable to send message (not connected to UPM process).
[Package Manager] Cannot connect to Unity Package Manager local server
Mono: successfully reloaded assembly
- Finished resetting the current domain, in  0.641 seconds
Domain Reload Profiling: 1096ms
	BeginReloadAssembly (98ms)
		ExecutionOrderSort (0ms)
		DisableScriptedObjects (5ms)
		BackupInstance (0ms)
		ReleaseScriptingObjects (0ms)
		CreateAndSetChildDomain (15ms)
	RebuildCommonClasses (36ms)
	RebuildNativeTypeToScriptingClass (8ms)
	initialDomainReloadingComplete (27ms)
	LoadAllAssembliesAndSetupDomain (285ms)
		LoadAssemblies (180ms)
		RebuildTransferFunctionScriptingTraits (0ms)
		AnalyzeDomain (161ms)
			TypeCache.Refresh (134ms)
				TypeCache.ScanAssembly (120ms)
			ScanForSourceGeneratedMonoScriptInfo (18ms)
			ResolveRequiredComponents (8ms)
	FinalizeReload (642ms)
		ReleaseScriptCaches (0ms)
		RebuildScriptCaches (0ms)
		SetupLoadedEditorAssemblies (518ms)
			LogAssemblyErrors (0ms)
			InitializePlatformSupportModulesInManaged (24ms)
			SetLoadedEditorAssemblies (2ms)
			RefreshPlugins (0ms)
			BeforeProcessingInitializeOnLoad (56ms)
			ProcessInitializeOnLoadAttributes (395ms)
			ProcessInitializeOnLoadMethodAttributes (39ms)
			AfterProcessingInitializeOnLoad (2ms)
			EditorAssembliesLoaded (0ms)
		ExecutionOrderSort2 (0ms)
		AwakeInstancesAfterBackupRestoration (4ms)
Launched and connected shader compiler UnityShaderCompiler.exe after 0.03 seconds
Refreshing native plugins compatible for Editor in 1.38 ms, found 3 plugins.
Preloading 0 native plugins for Editor in 0.00 ms.
Unloading 5490 Unused Serialized files (Serialized files now loaded: 0)
Unloading 94 unused Assets / (0.8 MB). Loaded Objects now: 5958.
Memory consumption went from 233.8 MB to 233.0 MB.
Total: 3.070900 ms (FindLiveObjects: 0.271700 ms CreateObjectMapping: 0.160000 ms MarkObjects: 2.383900 ms  DeleteObjects: 0.254300 ms)

AssetImportParameters requested are different than current active one (requested -> active):
  custom:container-demuxer-ogg: 62fdf1f143b41e24485cea50d1cbac27 -> 
  custom:video-decoder-ogg-theora: a1e56fd34408186e4bbccfd4996cb3dc -> 
  custom:framework-win-MediaFoundation: 216162199b28c13a410421893ffa2e32 -> 
  custom:CustomObjectIndexerAttribute: a3ef5dd2817f97addfee359851a9dba5 -> 
  custom:container-demuxer-webm: 4f35f7cbe854078d1ac9338744f61a02 -> 
  custom:container-muxer-webm: aa71ff27fc2769a1b78a27578f13a17b -> 
  custom:video-decoder-webm-vp8: 9c59270c3fd7afecdb556c50c9e8de78 -> 
  custom:SearchIndexIgnoredProperties: e643bd26f0fe6173181afceb89e7c659 -> 
  custom:AudioImporter_EditorPlatform: d09bf68614088b80899f8185d706f6e7 -> 
  custom:video-encoder-webm-vp8: eb34c28f22e8b96e1ab97ce403110664 -> 
  custom:audio-decoder-ogg-vorbis: bf7c407c2cedff20999df2af8eb42d56 -> 
  custom:audio-encoder-webm-vorbis: bf7c407c2cedff20999df2af8eb42d56 -> 
========================================================================
Received Import Request.
  Time since last request: 1273.941811 seconds.
  path: Assets/Material/New Mat
  artifactKey: Guid(36692940652670548af1c41f17a82c22) Importer(815301076,1909f56bfc062723c751e8b465ee728b)
Start importing Assets/Material/New Mat using Guid(36692940652670548af1c41f17a82c22) Importer(815301076,1909f56bfc062723c751e8b465ee728b)  -> (artifact id: '35b89e2f960260f0fb9aee27f93ae8df') in 0.002171 seconds
Number of updated asset objects reloaded before import = 0
Number of asset objects unloaded after import = 0
========================================================================
Received Import Request.
  Time since last request: 11.383818 seconds.
  path: Assets/Material/New Mat/New Material.mat
  artifactKey: Guid(33341549f34d067478cc02d7e67bb2d7) Importer(815301076,1909f56bfc062723c751e8b465ee728b)
Start importing Assets/Material/New Mat/New Material.mat using Guid(33341549f34d067478cc02d7e67bb2d7) Importer(815301076,1909f56bfc062723c751e8b465ee728b)  -> (artifact id: '8c2e010aaaf16984bd6fc78f1f0b797d') in 0.183393 seconds
Number of updated asset objects reloaded before import = 0
Number of asset objects unloaded after import = 2
========================================================================
Received Import Request.
  Time since last request: 10.948481 seconds.
  path: Assets/Material/New Mat/1.mat
  artifactKey: Guid(33341549f34d067478cc02d7e67bb2d7) Importer(815301076,1909f56bfc062723c751e8b465ee728b)
Start importing Assets/Material/New Mat/1.mat using Guid(33341549f34d067478cc02d7e67bb2d7) Importer(815301076,1909f56bfc062723c751e8b465ee728b)  -> (artifact id: '11f93366810011805a5807ad391ae6fa') in 0.005489 seconds
Number of updated asset objects reloaded before import = 0
Number of asset objects unloaded after import = 2
========================================================================
Received Import Request.
  Time since last request: 1.931219 seconds.
  path: Assets/Material/New Mat/1 1.mat
  artifactKey: Guid(1efbbae056f5b3a49817b99664880c24) Importer(815301076,1909f56bfc062723c751e8b465ee728b)
Start importing Assets/Material/New Mat/1 1.mat using Guid(1efbbae056f5b3a49817b99664880c24) Importer(815301076,1909f56bfc062723c751e8b465ee728b)  -> (artifact id: '6bd24d1201ef864e44f9c71f51d6a2c3') in 0.004533 seconds
Number of updated asset objects reloaded before import = 0
Number of asset objects unloaded after import = 2
========================================================================
Received Import Request.
  Time since last request: 0.645956 seconds.
  path: Assets/Material/New Mat/1 2.mat
  artifactKey: Guid(e0f7c0928fca92f4989dba25360988c2) Importer(815301076,1909f56bfc062723c751e8b465ee728b)
Start importing Assets/Material/New Mat/1 2.mat using Guid(e0f7c0928fca92f4989dba25360988c2) Importer(815301076,1909f56bfc062723c751e8b465ee728b)  -> (artifact id: '1735d1fe481bad46a7cdfa7e5dc36ef3') in 0.005837 seconds
Number of updated asset objects reloaded before import = 0
Number of asset objects unloaded after import = 2
========================================================================
Received Import Request.
  Time since last request: 0.366720 seconds.
  path: Assets/Material/New Mat/1 3.mat
  artifactKey: Guid(272232a4fb5bea84d92bd4855ba4d697) Importer(815301076,1909f56bfc062723c751e8b465ee728b)
Start importing Assets/Material/New Mat/1 3.mat using Guid(272232a4fb5bea84d92bd4855ba4d697) Importer(815301076,1909f56bfc062723c751e8b465ee728b)  -> (artifact id: 'ee0a051d2c5005e0c4df486d54ea5a34') in 0.005075 seconds
Number of updated asset objects reloaded before import = 0
Number of asset objects unloaded after import = 2
========================================================================
Received Import Request.
  Time since last request: 0.269183 seconds.
  path: Assets/Material/New Mat/1 4.mat
  artifactKey: Guid(95da4da0bdd820e409d1723ddadb3541) Importer(815301076,1909f56bfc062723c751e8b465ee728b)
Start importing Assets/Material/New Mat/1 4.mat using Guid(95da4da0bdd820e409d1723ddadb3541) Importer(815301076,1909f56bfc062723c751e8b465ee728b)  -> (artifact id: 'e75dc19e995d89360646bc2bc76b8179') in 0.005224 seconds
Number of updated asset objects reloaded before import = 0
Number of asset objects unloaded after import = 2
========================================================================
Received Import Request.
  Time since last request: 930.366205 seconds.
  path: Assets/Material/New Mat/1.mat
  artifactKey: Guid(33341549f34d067478cc02d7e67bb2d7) Importer(815301076,1909f56bfc062723c751e8b465ee728b)
Start importing Assets/Material/New Mat/1.mat using Guid(33341549f34d067478cc02d7e67bb2d7) Importer(815301076,1909f56bfc062723c751e8b465ee728b)  -> (artifact id: '55c9538281418967f0279b80dbeca451') in 0.009263 seconds
Number of updated asset objects reloaded before import = 0
Number of asset objects unloaded after import = 2
========================================================================
Received Import Request.
  Time since last request: 0.000016 seconds.
  path: Assets/Material/New Mat/1 4.mat
  artifactKey: Guid(95da4da0bdd820e409d1723ddadb3541) Importer(815301076,1909f56bfc062723c751e8b465ee728b)
Start importing Assets/Material/New Mat/1 4.mat using Guid(95da4da0bdd820e409d1723ddadb3541) Importer(815301076,1909f56bfc062723c751e8b465ee728b)  -> (artifact id: 'bc4150c455e8d92b7850263dd47ae50a') in 0.006024 seconds
Number of updated asset objects reloaded before import = 0
Number of asset objects unloaded after import = 2
========================================================================
Received Import Request.
  Time since last request: 0.000015 seconds.
  path: Assets/Material/New Mat/1 2.mat
  artifactKey: Guid(e0f7c0928fca92f4989dba25360988c2) Importer(815301076,1909f56bfc062723c751e8b465ee728b)
Start importing Assets/Material/New Mat/1 2.mat using Guid(e0f7c0928fca92f4989dba25360988c2) Importer(815301076,1909f56bfc062723c751e8b465ee728b)  -> (artifact id: 'e0a2b20adfcc4db49b1356aa3c159b1d') in 0.005328 seconds
Number of updated asset objects reloaded before import = 0
Number of asset objects unloaded after import = 2
========================================================================
Received Import Request.
  Time since last request: 0.000014 seconds.
  path: Assets/Material/New Mat/1 3.mat
  artifactKey: Guid(272232a4fb5bea84d92bd4855ba4d697) Importer(815301076,1909f56bfc062723c751e8b465ee728b)
Start importing Assets/Material/New Mat/1 3.mat using Guid(272232a4fb5bea84d92bd4855ba4d697) Importer(815301076,1909f56bfc062723c751e8b465ee728b)  -> (artifact id: 'a4d034c2584b0bdda41f67163e835533') in 0.005886 seconds
Number of updated asset objects reloaded before import = 0
Number of asset objects unloaded after import = 2
========================================================================
Received Import Request.
  Time since last request: 0.000017 seconds.
  path: Assets/Material/New Mat/2.mat
  artifactKey: Guid(6ae67e4f4ea3b1340b2c6fa87638e4c6) Importer(815301076,1909f56bfc062723c751e8b465ee728b)
Start importing Assets/Material/New Mat/2.mat using Guid(6ae67e4f4ea3b1340b2c6fa87638e4c6) Importer(815301076,1909f56bfc062723c751e8b465ee728b)  -> (artifact id: '657521dc79905dbbd19d3979d23c6b33') in 0.005491 seconds
Number of updated asset objects reloaded before import = 0
Number of asset objects unloaded after import = 2
Editor requested this worker to shutdown with reason: Scaling down because of idle timeout
TcpMessagingSession - receive error: operation aborted. errorcode: 995, details: The I/O operation has been aborted because of either a thread exit or an application request.
AssetImportWorker is now disconnected from the server
Process exiting
Exiting without the bug reporter. Application will terminate with return code 0